2018-01-02 22:47:08 [scrapy.utils.log] INFO: Scrapy 1.4.0 started (bot: Tencent)
2018-01-02 22:47:08 [scrapy.utils.log] INFO: Overridden settings: {'NEWSPIDER_MODULE': 'Tencent.spiders', 'LOG_LEVEL': 'INFO', 'SPIDER_MODULES': ['Tencent.spiders'], 'BOT_NAME': 'Tencent', 'COOKIES_ENABLED': False, 'LOG_FILE': 'TencentSpider.log', 'DOWNLOAD_DELAY': 1.5}
2018-01-02 22:47:09 [scrapy.middleware] INFO: Enabled extensions:
['scrapy.extensions.memusage.MemoryUsage',
 'scrapy.extensions.logstats.LogStats',
 'scrapy.extensions.telnet.TelnetConsole',
 'scrapy.extensions.corestats.CoreStats']
2018-01-02 22:47:09 [scrapy.middleware] INFO: Enabled downloader middlewares:
['scrapy.downloadermiddlewares.httpauth.HttpAuthMiddleware',
 'scrapy.downloadermiddlewares.downloadtimeout.DownloadTimeoutMiddleware',
 'scrapy.downloadermiddlewares.defaultheaders.DefaultHeadersMiddleware',
 'scrapy.downloadermiddlewares.useragent.UserAgentMiddleware',
 'Tencent.middlewares.RandomUserAgent',
 'scrapy.downloadermiddlewares.retry.RetryMiddleware',
 'scrapy.downloadermiddlewares.redirect.MetaRefreshMiddleware',
 'scrapy.downloadermiddlewares.httpcompression.HttpCompressionMiddleware',
 'scrapy.downloadermiddlewares.redirect.RedirectMiddleware',
 'scrapy.downloadermiddlewares.httpproxy.HttpProxyMiddleware',
 'scrapy.downloadermiddlewares.stats.DownloaderStats']
2018-01-02 22:47:09 [scrapy.middleware] INFO: Enabled spider middlewares:
['scrapy.spidermiddlewares.httperror.HttpErrorMiddleware',
 'scrapy.spidermiddlewares.offsite.OffsiteMiddleware',
 'scrapy.spidermiddlewares.referer.RefererMiddleware',
 'scrapy.spidermiddlewares.urllength.UrlLengthMiddleware',
 'scrapy.spidermiddlewares.depth.DepthMiddleware']
2018-01-02 22:47:09 [scrapy.middleware] INFO: Enabled item pipelines:
['Tencent.pipelines.TencentInfoPipeline',
 'Tencent.pipelines.TencentContentPipeline']
2018-01-02 22:47:09 [scrapy.core.engine] INFO: Spider opened
2018-01-02 22:47:09 [scrapy.extensions.logstats] INFO: Crawled 0 pages (at 0 pages/min), scraped 0 items (at 0 items/min)
2018-01-02 22:47:09 [scrapy.core.engine] INFO: Closing spider (finished)
2018-01-02 22:47:09 [scrapy.statscollectors] INFO: Dumping Scrapy stats:
{'downloader/request_bytes': 296,
 'downloader/request_count': 1,
 'downloader/request_method_count/GET': 1,
 'downloader/response_bytes': 4064,
 'downloader/response_count': 1,
 'downloader/response_status_count/200': 1,
 'finish_reason': 'finished',
 'finish_time': datetime.datetime(2018, 1, 2, 14, 47, 9, 910847),
 'log_count/INFO': 7,
 'memusage/max': 51326976,
 'memusage/startup': 51326976,
 'response_received_count': 1,
 'scheduler/dequeued': 1,
 'scheduler/dequeued/memory': 1,
 'scheduler/enqueued': 1,
 'scheduler/enqueued/memory': 1,
 'start_time': datetime.datetime(2018, 1, 2, 14, 47, 9, 341294)}
2018-01-02 22:47:09 [scrapy.core.engine] INFO: Spider closed (finished)
